==222085== Memcheck, a memory error detector
==222085== Copyright (C) 2002-2017, and GNU GPL'd, by Julian Seward et al.
==222085== Using Valgrind-3.18.1 and LibVEX; rerun with -h for copyright info
==222085== Command: ./MateriaSource
==222085== Parent PID: 219725
==222085== 
==222085== 
==222085== HEAP SUMMARY:
==222085==     in use at exit: 40 bytes in 1 blocks
==222085==   total heap usage: 18 allocs, 17 frees, 75,216 bytes allocated
==222085== 
==222085== 40 bytes in 1 blocks are definitely lost in loss record 1 of 1
==222085==    at 0x4849013: operator new(unsigned long) (in /usr/libexec/valgrind/vgpreload_memcheck-amd64-linux.so)
==222085==    by 0x40303D: Cure::clone() const (Cure.cpp:29)
==222085==    by 0x404281: Character::Character(Character const&) (Character.cpp:137)
==222085==    by 0x402A34: main (main.cpp:41)
==222085== 
==222085== LEAK SUMMARY:
==222085==    definitely lost: 40 bytes in 1 blocks
==222085==    indirectly lost: 0 bytes in 0 blocks
==222085==      possibly lost: 0 bytes in 0 blocks
==222085==    still reachable: 0 bytes in 0 blocks
==222085==         suppressed: 0 bytes in 0 blocks
==222085== 
==222085== For lists of detected and suppressed errors, rerun with: -s
==222085== ERROR SUMMARY: 1 errors from 1 contexts (suppressed: 0 from 0)
